<?xml version="1.0" encoding="utf-8"?>
<TestRun id="a8c7cb33-87d3-4e72-9679-033496e1e510" name="hmush@DESKTOP-NN3QNEP 2022-10-06 06:59:33" runUser="DESKTOP-NN3QNEP\hmush" xmlns="http://microsoft.com/schemas/VisualStudio/TeamTest/2010">
  <Times creation="2022-10-06T06:59:33.0791184+05:00" queuing="2022-10-06T06:59:33.0791184+05:00" start="2022-10-06T06:58:51.2760542+05:00" finish="2022-10-06T06:59:33.1239288+05:00" />
  <TestSettings name="default" id="8fce5dd5-02c4-4d7b-be3d-3b94273a6699">
    <Deployment runDeploymentRoot="hmush_DESKTOP-NN3QNEP_2022-10-06_06_59_33" />
  </TestSettings>
  <Results>
    <UnitTestResult executionId="5bc4a824-0723-418d-9f65-98a3452a3bd0" testId="0f6dbf48-7c29-473e-8974-66a5db10d091" testName="RegisterUserWithvalidData" computerName="DESKTOP-NN3QNEP" duration="00:00:40.9087583" startTime="2022-10-06T06:58:51.9417101+05:00" endTime="2022-10-06T06:59:32.9253347+05:00" testType="13cdc9d9-ddb5-4fa4-a97d-d965ccfc6d4b" outcome="Failed" testListId="8c84fa94-04c1-424b-9868-57a2d4851a1d" relativeResultsDirectory="5bc4a824-0723-418d-9f65-98a3452a3bd0">
      <Output>
        <ErrorInfo>
          <Message>Test method Selenium_Quiz2.Register_UserTC.RegisterUserWithvalidData threw exception: &#xD;
OpenQA.Selenium.NoSuchElementException: no such element: Unable to locate element: {"method":"css selector","selector":"#id_gender1"}
  (Session info: chrome=106.0.5249.62)</Message>
          <StackTrace>    at OpenQA.Selenium.WebDriver.UnpackAndThrowOnError(Response errorResponse, String commandToExecute)&#xD;
   at OpenQA.Selenium.WebDriver.Execute(String driverCommandToExecute, Dictionary`2 parameters)&#xD;
   at OpenQA.Selenium.WebDriver.FindElement(String mechanism, String value)&#xD;
   at OpenQA.Selenium.By.&lt;.ctor&gt;b__11_0(ISearchContext context)&#xD;
   at OpenQA.Selenium.By.FindElement(ISearchContext context)&#xD;
   at OpenQA.Selenium.WebDriver.FindElement(By by)&#xD;
   at Selenium_Quiz2.Register_User.RegisterUser() in D:\Selenium_Projects\Selenium_Quiz2\Selenium_Quiz2\Register_User.cs:line 71&#xD;
   at Selenium_Quiz2.Register_UserTC.RegisterUserWithvalidData() in D:\Selenium_Projects\Selenium_Quiz2\Selenium_Quiz2\Register_UserTC.cs:line 27&#xD;
</StackTrace>
        </ErrorInfo>
      </Output>
    </UnitTestResult>
  </Results>
  <TestDefinitions>
    <UnitTest name="RegisterUserWithvalidData" storage="d:\selenium_projects\selenium_quiz2\selenium_quiz2\bin\debug\selenium_quiz2.dll" id="0f6dbf48-7c29-473e-8974-66a5db10d091">
      <TestCategory>
        <TestCategoryItem TestCategory="Register" />
      </TestCategory>
      <Execution id="5bc4a824-0723-418d-9f65-98a3452a3bd0" />
      <TestMethod codeBase="D:\Selenium_Projects\Selenium_Quiz2\Selenium_Quiz2\bin\Debug\Selenium_Quiz2.dll" adapterTypeName="executor://mstestadapter/v2" className="Selenium_Quiz2.Register_UserTC" name="RegisterUserWithvalidData" />
    </UnitTest>
  </TestDefinitions>
  <TestEntries>
    <TestEntry testId="0f6dbf48-7c29-473e-8974-66a5db10d091" executionId="5bc4a824-0723-418d-9f65-98a3452a3bd0" testListId="8c84fa94-04c1-424b-9868-57a2d4851a1d" />
  </TestEntries>
  <TestLists>
    <TestList name="Results Not in a List" id="8c84fa94-04c1-424b-9868-57a2d4851a1d" />
    <TestList name="All Loaded Results" id="19431567-8539-422a-85d7-44ee4e166bda" />
  </TestLists>
  <ResultSummary outcome="Failed">
    <Counters total="1" executed="1" passed="0" failed="1" error="0" timeout="0" aborted="0" inconclusive="0" passedButRunAborted="0" notRunnable="0" notExecuted="0" disconnected="0" warning="0" completed="0" inProgress="0" pending="0" />
  </ResultSummary>
</TestRun>